<?xml version="1.0" encoding="UTF-8"?>
<testsuite name="spring.boot.BootApplicationTests" tests="1" skipped="0" failures="0" errors="0" timestamp="2024-05-27T06:27:14" hostname="jiyunleeui-MacBookPro.local" time="0.501">
  <properties/>
  <testcase name="contextLoads()" classname="spring.boot.BootApplicationTests" time="0.501"/>
  <system-out><![CDATA[15:27:11.352 [Test worker] INFO org.springframework.test.context.support.AnnotationConfigContextLoaderUtils -- Could not detect default configuration classes for test class [spring.boot.BootApplicationTests]: BootApplicationTests does not declare any static, non-private, non-final, nested classes annotated with @Configuration.
15:27:11.447 [Test worker] INFO org.springframework.boot.test.context.SpringBootTestContextBootstrapper -- Found @SpringBootConfiguration spring.boot.BootApplication for test class spring.boot.BootApplicationTests
  .   ____          _            __ _ _
 /\\ / ___'_ __ _ _(_)_ __  __ _ \ \ \ \
( ( )\___ | '_ | '_| | '_ \/ _` | \ \ \ \
 \\/  ___)| |_)| | | | | || (_| |  ) ) ) )
  '  |____| .__|_| |_|_| |_\__, | / / / /
 =========|_|==============|___/=/_/_/_/

 :: Spring Boot ::                (v3.3.0)

2024-05-27T15:27:11.817+09:00  INFO 18987 --- [    Test worker] spring.boot.BootApplicationTests         : Starting BootApplicationTests using Java 21.0.2 with PID 18987 (started by jiyunlee in /Users/jiyunlee/Downloads/boot)
2024-05-27T15:27:11.818+09:00  INFO 18987 --- [    Test worker] spring.boot.BootApplicationTests         : No active profile set, falling back to 1 default profile: "default"
2024-05-27T15:27:12.316+09:00  INFO 18987 --- [    Test worker] .s.d.r.c.RepositoryConfigurationDelegate : Bootstrapping Spring Data JPA repositories in DEFAULT mode.
2024-05-27T15:27:12.332+09:00  INFO 18987 --- [    Test worker] .s.d.r.c.RepositoryConfigurationDelegate : Finished Spring Data repository scanning in 10 ms. Found 0 JPA repository interfaces.
2024-05-27T15:27:12.658+09:00  INFO 18987 --- [    Test worker] com.zaxxer.hikari.HikariDataSource       : HikariPool-1 - Starting...
2024-05-27T15:27:12.760+09:00  INFO 18987 --- [    Test worker] com.zaxxer.hikari.pool.HikariPool        : HikariPool-1 - Added connection conn0: url=jdbc:h2:tcp://localhost/~/test user=SA
2024-05-27T15:27:12.762+09:00  INFO 18987 --- [    Test worker] com.zaxxer.hikari.HikariDataSource       : HikariPool-1 - Start completed.
2024-05-27T15:27:12.797+09:00  INFO 18987 --- [    Test worker] o.hibernate.jpa.internal.util.LogHelper  : HHH000204: Processing PersistenceUnitInfo [name: default]
2024-05-27T15:27:12.835+09:00  INFO 18987 --- [    Test worker] org.hibernate.Version                    : HHH000412: Hibernate ORM core version 6.5.2.Final
2024-05-27T15:27:12.862+09:00  INFO 18987 --- [    Test worker] o.h.c.internal.RegionFactoryInitiator    : HHH000026: Second-level cache disabled
2024-05-27T15:27:13.118+09:00  INFO 18987 --- [    Test worker] o.s.o.j.p.SpringPersistenceUnitInfo      : No LoadTimeWeaver setup: ignoring JPA class transformer
2024-05-27T15:27:13.809+09:00  INFO 18987 --- [    Test worker] o.h.e.t.j.p.i.JtaPlatformInitiator       : HHH000489: No JTA platform available (set 'hibernate.transaction.jta.platform' to enable JTA platform integration)
2024-05-27T15:27:13.812+09:00  INFO 18987 --- [    Test worker] j.LocalContainerEntityManagerFactoryBean : Initialized JPA EntityManagerFactory for persistence unit 'default'
2024-05-27T15:27:13.977+09:00  WARN 18987 --- [    Test worker] JpaBaseConfiguration$JpaWebConfiguration : spring.jpa.open-in-view is enabled by default. Therefore, database queries may be performed during view rendering. Explicitly configure spring.jpa.open-in-view to disable this warning
2024-05-27T15:27:13.998+09:00  INFO 18987 --- [    Test worker] o.s.b.a.w.s.WelcomePageHandlerMapping    : Adding welcome page: class path resource [static/index.html]
2024-05-27T15:27:14.334+09:00  INFO 18987 --- [    Test worker] spring.boot.BootApplicationTests         : Started BootApplicationTests in 2.755 seconds (process running for 3.846)
]]></system-out>
  <system-err><![CDATA[WARNING: A Java agent has been loaded dynamically (/Users/jiyunlee/.gradle/caches/modules-2/files-2.1/net.bytebuddy/byte-buddy-agent/1.14.16/4a451ee6484abac3a498df0f3b33ed00a6fced4d/byte-buddy-agent-1.14.16.jar)
WARNING: If a serviceability tool is in use, please run with -XX:+EnableDynamicAgentLoading to hide this warning
WARNING: If a serviceability tool is not in use, please run with -Djdk.instrument.traceUsage for more information
WARNING: Dynamic loading of agents will be disallowed by default in a future release
]]></system-err>
</testsuite>
